{"/Users/paul.compagnon/Documents/private/cours_tests/study_tests/tp2/exercice3/src/App.jsx": {"path":"/Users/paul.compagnon/Documents/private/cours_tests/study_tests/tp2/exercice3/src/App.jsx","statementMap":{"0":{"start":{"line":4,"column":2},"end":{"line":7,"column":null}}},"fnMap":{"0":{"name":"App","decl":{"start":{"line":3,"column":24},"end":{"line":3,"column":30}},"loc":{"start":{"line":3,"column":30},"end":{"line":9,"column":null}},"line":3}},"branchMap":{},"s":{"0":1},"f":{"0":1},"b":{},"meta":{"lastBranch":0,"lastFunction":1,"lastStatement":1,"seen":{"f:3:24:3:30":0,"s:4:2:7:Infinity":0}}}
}
