{"/Users/paul.compagnon/Documents/private/cours_tests/study_tests/tp1/exercice4/item.js": {"path":"/Users/paul.compagnon/Documents/private/cours_tests/study_tests/tp1/exercice4/item.js","statementMap":{"0":{"start":{"line":6,"column":4},"end":{"line":6,"column":null}},"1":{"start":{"line":7,"column":4},"end":{"line":7,"column":null}},"2":{"start":{"line":12,"column":4},"end":{"line":12,"column":null}},"3":{"start":{"line":17,"column":4},"end":{"line":28,"column":null}},"4":{"start":{"line":17,"column":17},"end":{"line":17,"column":18}},"5":{"start":{"line":19,"column":17},"end":{"line":19,"column":30}},"6":{"start":{"line":20,"column":6},"end":{"line":24,"column":null}},"7":{"start":{"line":22,"column":8},"end":{"line":22,"column":null}},"8":{"start":{"line":23,"column":8},"end":{"line":23,"column":null}},"9":{"start":{"line":26,"column":6},"end":{"line":27,"column":null}},"10":{"start":{"line":27,"column":8},"end":{"line":27,"column":null}},"11":{"start":{"line":30,"column":4},"end":{"line":30,"column":null}},"12":{"start":{"line":35,"column":4},"end":{"line":44,"column":null}},"13":{"start":{"line":35,"column":16},"end":{"line":35,"column":17}},"14":{"start":{"line":37,"column":17},"end":{"line":37,"column":30}},"15":{"start":{"line":39,"column":6},"end":{"line":43,"column":null}},"16":{"start":{"line":41,"column":8},"end":{"line":41,"column":null}},"17":{"start":{"line":42,"column":8},"end":{"line":42,"column":null}},"18":{"start":{"line":46,"column":4},"end":{"line":46,"column":null}},"19":{"start":{"line":51,"column":4},"end":{"line":60,"column":null}},"20":{"start":{"line":53,"column":17},"end":{"line":53,"column":34}},"21":{"start":{"line":55,"column":6},"end":{"line":59,"column":null}},"22":{"start":{"line":57,"column":8},"end":{"line":57,"column":null}},"23":{"start":{"line":58,"column":8},"end":{"line":58,"column":null}},"24":{"start":{"line":62,"column":4},"end":{"line":62,"column":null}},"25":{"start":{"line":67,"column":4},"end":{"line":70,"column":null}},"26":{"start":{"line":69,"column":6},"end":{"line":69,"column":null}},"27":{"start":{"line":71,"column":4},"end":{"line":74,"column":null}},"28":{"start":{"line":73,"column":6},"end":{"line":73,"column":null}},"29":{"start":{"line":77,"column":17},"end":{"line":77,"column":35}},"30":{"start":{"line":78,"column":4},"end":{"line":78,"column":null}},"31":{"start":{"line":79,"column":4},"end":{"line":79,"column":null}},"32":{"start":{"line":83,"column":16},"end":{"line":83,"column":17}},"33":{"start":{"line":85,"column":4},"end":{"line":92,"column":null}},"34":{"start":{"line":85,"column":17},"end":{"line":85,"column":18}},"35":{"start":{"line":87,"column":19},"end":{"line":87,"column":32}},"36":{"start":{"line":88,"column":6},"end":{"line":91,"column":null}},"37":{"start":{"line":90,"column":8},"end":{"line":90,"column":null}},"38":{"start":{"line":94,"column":4},"end":{"line":94,"column":null}},"39":{"start":{"line":99,"column":19},"end":{"line":99,"column":21}},"40":{"start":{"line":101,"column":4},"end":{"line":115,"column":null}},"41":{"start":{"line":101,"column":17},"end":{"line":101,"column":18}},"42":{"start":{"line":103,"column":19},"end":{"line":103,"column":32}},"43":{"start":{"line":104,"column":6},"end":{"line":114,"column":null}},"44":{"start":{"line":106,"column":8},"end":{"line":113,"column":null}},"45":{"start":{"line":108,"column":10},"end":{"line":108,"column":null}},"46":{"start":{"line":112,"column":10},"end":{"line":112,"column":null}},"47":{"start":{"line":117,"column":4},"end":{"line":117,"column":null}},"48":{"start":{"line":125,"column":4},"end":{"line":125,"column":null}},"49":{"start":{"line":126,"column":4},"end":{"line":126,"column":null}}},"fnMap":{"0":{"name":"(anonymous_0)","decl":{"start":{"line":4,"column":2},"end":{"line":4,"column":13}},"loc":{"start":{"line":5,"column":2},"end":{"line":8,"column":null}},"line":5},"1":{"name":"(anonymous_1)","decl":{"start":{"line":10,"column":2},"end":{"line":10,"column":9}},"loc":{"start":{"line":11,"column":2},"end":{"line":13,"column":null}},"line":11},"2":{"name":"(anonymous_2)","decl":{"start":{"line":15,"column":2},"end":{"line":15,"column":18}},"loc":{"start":{"line":16,"column":2},"end":{"line":31,"column":null}},"line":16},"3":{"name":"(anonymous_3)","decl":{"start":{"line":33,"column":2},"end":{"line":33,"column":16}},"loc":{"start":{"line":34,"column":2},"end":{"line":47,"column":null}},"line":34},"4":{"name":"(anonymous_4)","decl":{"start":{"line":49,"column":2},"end":{"line":49,"column":9}},"loc":{"start":{"line":50,"column":2},"end":{"line":63,"column":null}},"line":50},"5":{"name":"(anonymous_5)","decl":{"start":{"line":65,"column":2},"end":{"line":65,"column":11}},"loc":{"start":{"line":66,"column":2},"end":{"line":80,"column":null}},"line":66},"6":{"name":"(anonymous_6)","decl":{"start":{"line":81,"column":2},"end":{"line":81,"column":17}},"loc":{"start":{"line":82,"column":2},"end":{"line":95,"column":null}},"line":82},"7":{"name":"(anonymous_7)","decl":{"start":{"line":97,"column":2},"end":{"line":97,"column":15}},"loc":{"start":{"line":98,"column":2},"end":{"line":118,"column":null}},"line":98},"8":{"name":"(anonymous_8)","decl":{"start":{"line":123,"column":2},"end":{"line":123,"column":13}},"loc":{"start":{"line":124,"column":2},"end":{"line":127,"column":null}},"line":124}},"branchMap":{"0":{"loc":{"start":{"line":20,"column":6},"end":{"line":24,"column":null}},"type":"if","locations":[{"start":{"line":20,"column":6},"end":{"line":24,"column":null}},{"start":{},"end":{}}],"line":20},"1":{"loc":{"start":{"line":20,"column":11},"end":{"line":20,"column":44}},"type":"binary-expr","locations":[{"start":{"line":20,"column":11},"end":{"line":20,"column":23}},{"start":{"line":20,"column":27},"end":{"line":20,"column":44}}],"line":20},"2":{"loc":{"start":{"line":26,"column":6},"end":{"line":27,"column":null}},"type":"if","locations":[{"start":{"line":26,"column":6},"end":{"line":27,"column":null}},{"start":{},"end":{}}],"line":26},"3":{"loc":{"start":{"line":39,"column":6},"end":{"line":43,"column":null}},"type":"if","locations":[{"start":{"line":39,"column":6},"end":{"line":43,"column":null}},{"start":{},"end":{}}],"line":39},"4":{"loc":{"start":{"line":39,"column":11},"end":{"line":39,"column":44}},"type":"binary-expr","locations":[{"start":{"line":39,"column":11},"end":{"line":39,"column":23}},{"start":{"line":39,"column":27},"end":{"line":39,"column":44}}],"line":39},"5":{"loc":{"start":{"line":55,"column":6},"end":{"line":59,"column":null}},"type":"if","locations":[{"start":{"line":55,"column":6},"end":{"line":59,"column":null}},{"start":{},"end":{}}],"line":55},"6":{"loc":{"start":{"line":67,"column":4},"end":{"line":70,"column":null}},"type":"if","locations":[{"start":{"line":67,"column":4},"end":{"line":70,"column":null}},{"start":{},"end":{}}],"line":67},"7":{"loc":{"start":{"line":67,"column":8},"end":{"line":67,"column":45}},"type":"binary-expr","locations":[{"start":{"line":67,"column":8},"end":{"line":67,"column":18}},{"start":{"line":67,"column":22},"end":{"line":67,"column":45}}],"line":67},"8":{"loc":{"start":{"line":71,"column":4},"end":{"line":74,"column":null}},"type":"if","locations":[{"start":{"line":71,"column":4},"end":{"line":74,"column":null}},{"start":{},"end":{}}],"line":71},"9":{"loc":{"start":{"line":71,"column":8},"end":{"line":71,"column":45}},"type":"binary-expr","locations":[{"start":{"line":71,"column":8},"end":{"line":71,"column":18}},{"start":{"line":71,"column":22},"end":{"line":71,"column":45}}],"line":71},"10":{"loc":{"start":{"line":88,"column":6},"end":{"line":91,"column":null}},"type":"if","locations":[{"start":{"line":88,"column":6},"end":{"line":91,"column":null}},{"start":{},"end":{}}],"line":88},"11":{"loc":{"start":{"line":88,"column":10},"end":{"line":88,"column":44}},"type":"binary-expr","locations":[{"start":{"line":88,"column":10},"end":{"line":88,"column":22}},{"start":{"line":88,"column":26},"end":{"line":88,"column":44}}],"line":88},"12":{"loc":{"start":{"line":104,"column":6},"end":{"line":114,"column":null}},"type":"if","locations":[{"start":{"line":104,"column":6},"end":{"line":114,"column":null}},{"start":{},"end":{}}],"line":104},"13":{"loc":{"start":{"line":106,"column":8},"end":{"line":113,"column":null}},"type":"if","locations":[{"start":{"line":106,"column":8},"end":{"line":113,"column":null}},{"start":{"line":111,"column":8},"end":{"line":113,"column":null}}],"line":106}},"s":{"0":14,"1":14,"2":10,"3":2,"4":2,"5":52,"6":52,"7":3,"8":3,"9":52,"10":1,"11":1,"12":2,"13":2,"14":51,"15":51,"16":1,"17":1,"18":1,"19":67,"20":1352,"21":1352,"22":66,"23":66,"24":1,"25":5,"26":2,"27":3,"28":2,"29":1,"30":1,"31":1,"32":3,"33":3,"34":3,"35":150,"36":150,"37":3,"38":3,"39":2,"40":2,"41":2,"42":100,"43":100,"44":3,"45":2,"46":1,"47":2,"48":68,"49":68},"f":{"0":14,"1":10,"2":2,"3":2,"4":67,"5":5,"6":3,"7":2,"8":68},"b":{"0":[3,49],"1":[52,3],"2":[1,51],"3":[1,50],"4":[51,1],"5":[66,1286],"6":[2,3],"7":[5,4],"8":[2,1],"9":[3,2],"10":[3,147],"11":[150,9],"12":[3,97],"13":[2,1]},"meta":{"lastBranch":14,"lastFunction":9,"lastStatement":50,"seen":{"f:4:2:4:13":0,"s:6:4:6:Infinity":0,"s:7:4:7:Infinity":1,"f:10:2:10:9":1,"s:12:4:12:Infinity":2,"f:15:2:15:18":2,"s:17:4:28:Infinity":3,"s:17:17:17:18":4,"s:19:17:19:30":5,"b:20:6:24:Infinity:undefined:undefined:undefined:undefined":0,"s:20:6:24:Infinity":6,"b:20:11:20:23:20:27:20:44":1,"s:22:8:22:Infinity":7,"s:23:8:23:Infinity":8,"b:26:6:27:Infinity:undefined:undefined:undefined:undefined":2,"s:26:6:27:Infinity":9,"s:27:8:27:Infinity":10,"s:30:4:30:Infinity":11,"f:33:2:33:16":3,"s:35:4:44:Infinity":12,"s:35:16:35:17":13,"s:37:17:37:30":14,"b:39:6:43:Infinity:undefined:undefined:undefined:undefined":3,"s:39:6:43:Infinity":15,"b:39:11:39:23:39:27:39:44":4,"s:41:8:41:Infinity":16,"s:42:8:42:Infinity":17,"s:46:4:46:Infinity":18,"f:49:2:49:9":4,"s:51:4:60:Infinity":19,"s:53:17:53:34":20,"b:55:6:59:Infinity:undefined:undefined:undefined:undefined":5,"s:55:6:59:Infinity":21,"s:57:8:57:Infinity":22,"s:58:8:58:Infinity":23,"s:62:4:62:Infinity":24,"f:65:2:65:11":5,"b:67:4:70:Infinity:undefined:undefined:undefined:undefined":6,"s:67:4:70:Infinity":25,"b:67:8:67:18:67:22:67:45":7,"s:69:6:69:Infinity":26,"b:71:4:74:Infinity:undefined:undefined:undefined:undefined":8,"s:71:4:74:Infinity":27,"b:71:8:71:18:71:22:71:45":9,"s:73:6:73:Infinity":28,"s:77:17:77:35":29,"s:78:4:78:Infinity":30,"s:79:4:79:Infinity":31,"f:81:2:81:17":6,"s:83:16:83:17":32,"s:85:4:92:Infinity":33,"s:85:17:85:18":34,"s:87:19:87:32":35,"b:88:6:91:Infinity:undefined:undefined:undefined:undefined":10,"s:88:6:91:Infinity":36,"b:88:10:88:22:88:26:88:44":11,"s:90:8:90:Infinity":37,"s:94:4:94:Infinity":38,"f:97:2:97:15":7,"s:99:19:99:21":39,"s:101:4:115:Infinity":40,"s:101:17:101:18":41,"s:103:19:103:32":42,"b:104:6:114:Infinity:undefined:undefined:undefined:undefined":12,"s:104:6:114:Infinity":43,"b:106:8:113:Infinity:111:8:113:Infinity":13,"s:106:8:113:Infinity":44,"s:108:10:108:Infinity":45,"s:112:10:112:Infinity":46,"s:117:4:117:Infinity":47,"f:123:2:123:13":8,"s:125:4:125:Infinity":48,"s:126:4:126:Infinity":49}}}
}
